<?xml version="1.0" encoding="UTF-8"?>
<!-- Generated by org.testng.reporters.JUnitReportReporter -->
<testsuite hostname="LAPTOP-CF032BAC" failures="0" tests="1" name="com.Example.Test.ExampleScript2Test" time="0.014" errors="0" timestamp="18 Jul 2022 10:53:33 GMT">
  <testcase classname="com.Example.Test.ExampleScript2Test" name="Ex2Test1" time="0.014"/>
</testsuite> <!-- com.Example.Test.ExampleScript2Test -->
