<?xml version="1.0" encoding="UTF-8"?>
<!-- Generated by org.testng.reporters.JUnitReportReporter -->
<testsuite hostname="LAPTOP-CF032BAC" failures="0" tests="1" name="com.Example.Test.ExampleScriptTest" time="0.012" errors="0" timestamp="2022-07-18T15:46:44 IST" skipped="0">
  <testcase classname="com.Example.Test.ExampleScriptTest" name="ExamoleTest" time="0.012"/>
  <system-out/>
</testsuite> <!-- com.Example.Test.ExampleScriptTest -->
